<?xml version="1.0" encoding="UTF-8"?>
<!-- Generated by org.testng.reporters.JUnitReportReporter -->
<testsuite hostname="LAPTOP-34D7EQK0" failures="0" tests="1" name="cucumberOptions.TestNGRunner" time="0.093" errors="0" timestamp="2025-07-10T13:35:14 IST" skipped="0">
  <testcase classname="cucumberOptions.TestNGRunner" name="runScenario" time="0.093"/>
</testsuite> <!-- cucumberOptions.TestNGRunner -->
