<?xml version="1.0" encoding="UTF-8"?>
<!-- Generated by org.testng.reporters.JUnitReportReporter -->
<testsuite hostname="LAPTOP-34D7EQK0" failures="0" tests="1" name="runners.TestNGRunner" time="12.086" errors="0" timestamp="2025-07-11T20:58:41 IST" skipped="0">
  <testcase classname="runners.TestNGRunner" name="runScenario" time="12.086"/>
</testsuite> <!-- runners.TestNGRunner -->
