<?xml version="1.0" encoding="UTF-8"?>
<!-- Generated by org.testng.reporters.JUnitReportReporter -->
<testsuite hostname="LAPTOP-34D7EQK0" failures="0" tests="2" name="runners.TestNGRunner" time="13.334" errors="0" timestamp="2025-07-12T00:50:09 IST" skipped="0">
  <testcase classname="runners.TestNGRunner" name="runScenario" time="6.008"/>
  <testcase classname="runners.TestNGRunner" name="runScenario" time="7.326"/>
</testsuite> <!-- runners.TestNGRunner -->
